[START][2022-04-12 19:16:04] LSP logging initiated
[ERROR][2022-04-12 19:16:04] .../vim/lsp/rpc.lua:420	"rpc"	"clangd"	"stderr"	"I[19:16:04.986] clangd version 13.0.0 (https://github.com/llvm/llvm-project d7b669b3a30345cfcdb2fde2af6f48aa4b94845d)\nI[19:16:04.987] Features: mac+grpc+xpc\nI[19:16:04.987] PID: 55422\nI[19:16:04.987] Working directory: /Users/jeremysigrist/Development/meneldor_chess_engine\nI[19:16:04.987] argv[0]: clangd\nI[19:16:04.987] Starting LSP over stdin/stdout\nI[19:16:04.987] <-- initialize(1)\n"
[ERROR][2022-04-12 19:16:05] .../vim/lsp/rpc.lua:420	"rpc"	"clangd"	"stderr"	"I[19:16:05.010] --> reply:initialize(1) 23 ms\n"
[ERROR][2022-04-12 19:16:05] .../vim/lsp/rpc.lua:420	"rpc"	"clangd"	"stderr"	"I[19:16:05.270] <-- initialized\n"
[ERROR][2022-04-12 19:16:05] .../vim/lsp/rpc.lua:420	"rpc"	"clangd"	"stderr"	"I[19:16:05.273] <-- textDocument/didOpen\nI[19:16:05.275] Loaded compilation database from /Users/jeremysigrist/Development/meneldor_chess_engine/compile_commands.json\nI[19:16:05.275] ASTWorker building file /Users/jeremysigrist/Development/meneldor_chess_engine/src/meneldor_engine.cpp version 0 with command \n[/Users/jeremysigrist/Development/meneldor_chess_engine/_build/src]\n/usr/bin/clang++ --driver-mode=g++ -I/Users/jeremysigrist/Development/meneldor_chess_engine/src/../include -I/Users/jeremysigrist/Development/meneldor_chess_engine/src/../senjo -isysroot /Applications/Xcode.app/Contents/Developer/Platforms/MacOSX.platform/Developer/SDKs/MacOSX12.1.sdk -Wall -Wextra -pedantic -Wno-missing-braces -std=c++2a -Winvalid-pch -Xclang -include-pch -Xclang /Users/jeremysigrist/Development/meneldor_chess_engine/_build/src/CMakeFiles/chess_engine_lib.dir/cmake_pch.hxx.pch -Xclang -include -Xclang /Users/jeremysigrist/Development/meneldor_chess_engine/_build/src/CMakeFiles/chess_engine_lib.dir/cmake_pch.hxx -o CMakeFiles/chess_engine_lib.dir/meneldor_engine.cpp.o -c -resource-dir=/Users/jeremysigrist/.local/share/nvim/lsp_servers/clangd/clangd/lib/clang/13.0.0 -- /Users/jeremysigrist/Development/meneldor_chess_engine/src/meneldor_engine.cpp\nI[19:16:05.277] Loaded compilation database from /Users/jeremysigrist/Development/meneldor_chess_engine/_build/compile_commands.json\nI[19:16:05.277] --> window/workDoneProgress/create(0)\nI[19:16:05.277] Enqueueing 31 commands for indexing\n"
[ERROR][2022-04-12 19:16:05] .../vim/lsp/rpc.lua:420	"rpc"	"clangd"	"stderr"	"I[19:16:05.305] <-- reply(0)\nI[19:16:05.305] --> $/progress\nI[19:16:05.305] --> $/progress\n"
[ERROR][2022-04-12 19:16:05] .../vim/lsp/rpc.lua:420	"rpc"	"clangd"	"stderr"	"I[19:16:05.635] --> $/progress\n"
[ERROR][2022-04-12 19:16:05] .../vim/lsp/rpc.lua:420	"rpc"	"clangd"	"stderr"	"I[19:16:05.635] --> $/progress\nI[19:16:05.635] --> $/progress\nI[19:16:05.635] --> $/progress\n"
[ERROR][2022-04-12 19:16:06] .../vim/lsp/rpc.lua:420	"rpc"	"clangd"	"stderr"	"I[19:16:06.408] <-- textDocument/documentHighlight(2)\n"
[ERROR][2022-04-12 19:16:06] .../vim/lsp/rpc.lua:420	"rpc"	"clangd"	"stderr"	"I[19:16:06.870] Indexed /Users/jeremysigrist/Development/meneldor_chess_engine/senjo/senjo/Output.cpp (107 symbols, 15108 refs, 238 files)\n"
[ERROR][2022-04-12 19:16:06] .../vim/lsp/rpc.lua:420	"rpc"	"clangd"	"stderr"	"I[19:16:06.880] --> $/progress\n"
[ERROR][2022-04-12 19:16:06] .../vim/lsp/rpc.lua:420	"rpc"	"clangd"	"stderr"	"I[19:16:06.880] --> $/progress\n"
[ERROR][2022-04-12 19:16:07] .../vim/lsp/rpc.lua:420	"rpc"	"clangd"	"stderr"	"I[19:16:07.403] <-- textDocument/documentHighlight(3)\n"
[ERROR][2022-04-12 19:16:08] .../vim/lsp/rpc.lua:420	"rpc"	"clangd"	"stderr"	"I[19:16:08.345] --> textDocument/publishDiagnostics\n"
[ERROR][2022-04-12 19:16:08] .../vim/lsp/rpc.lua:420	"rpc"	"clangd"	"stderr"	"I[19:16:08.349] --> reply:textDocument/documentHighlight(2) 1940 ms\n"
[ERROR][2022-04-12 19:16:08] .../vim/lsp/rpc.lua:420	"rpc"	"clangd"	"stderr"	"I[19:16:08.349] --> reply:textDocument/documentHighlight(3) 946 ms\n"
[ERROR][2022-04-12 19:16:08] .../vim/lsp/rpc.lua:420	"rpc"	"clangd"	"stderr"	"I[19:16:08.490] <-- textDocument/documentHighlight(4)\nI[19:16:08.490] --> reply:textDocument/documentHighlight(4) 0 ms\n"
[ERROR][2022-04-12 19:16:09] .../vim/lsp/rpc.lua:420	"rpc"	"clangd"	"stderr"	"I[19:16:09.189] <-- textDocument/documentHighlight(5)\nI[19:16:09.189] --> reply:textDocument/documentHighlight(5) 0 ms\n"
[ERROR][2022-04-12 19:16:09] .../vim/lsp/rpc.lua:420	"rpc"	"clangd"	"stderr"	"I[19:16:09.617] Indexed /Users/jeremysigrist/Development/meneldor_chess_engine/src/coordinates.cpp (4706 symbols, 108216 refs, 259 files)\n"
[ERROR][2022-04-12 19:16:09] .../vim/lsp/rpc.lua:420	"rpc"	"clangd"	"stderr"	"I[19:16:09.880] --> $/progress\n"
[ERROR][2022-04-12 19:16:09] .../vim/lsp/rpc.lua:420	"rpc"	"clangd"	"stderr"	"I[19:16:09.880] --> $/progress\n"
[ERROR][2022-04-12 19:16:09] .../vim/lsp/rpc.lua:420	"rpc"	"clangd"	"stderr"	"I[19:16:09.973] <-- textDocument/documentHighlight(6)\n"
[ERROR][2022-04-12 19:16:09] .../vim/lsp/rpc.lua:420	"rpc"	"clangd"	"stderr"	"I[19:16:09.978] --> reply:textDocument/documentHighlight(6) 5 ms\n"
[ERROR][2022-04-12 19:16:10] .../vim/lsp/rpc.lua:420	"rpc"	"clangd"	"stderr"	"I[19:16:10.923] Indexed /Users/jeremysigrist/Development/meneldor_chess_engine/src/zobrist_hash.cpp (4706 symbols, 108252 refs, 264 files)\n"
[ERROR][2022-04-12 19:16:11] .../vim/lsp/rpc.lua:420	"rpc"	"clangd"	"stderr"	"I[19:16:11.173] <-- textDocument/documentHighlight(7)\n"
[ERROR][2022-04-12 19:16:11] .../vim/lsp/rpc.lua:420	"rpc"	"clangd"	"stderr"	"I[19:16:11.179] --> reply:textDocument/documentHighlight(7) 5 ms\n"
[ERROR][2022-04-12 19:16:11] .../vim/lsp/rpc.lua:420	"rpc"	"clangd"	"stderr"	"I[19:16:11.190] --> $/progress\n"
[ERROR][2022-04-12 19:16:11] .../vim/lsp/rpc.lua:420	"rpc"	"clangd"	"stderr"	"I[19:16:11.190] --> $/progress\n"
[ERROR][2022-04-12 19:16:11] .../vim/lsp/rpc.lua:420	"rpc"	"clangd"	"stderr"	"I[19:16:11.782] Indexed /Users/jeremysigrist/Development/meneldor_chess_engine/app/perft.cpp (149 symbols, 19691 refs, 263 files)\n"
[ERROR][2022-04-12 19:16:11] .../vim/lsp/rpc.lua:420	"rpc"	"clangd"	"stderr"	"I[19:16:11.804] --> $/progress\n"
[ERROR][2022-04-12 19:16:11] .../vim/lsp/rpc.lua:420	"rpc"	"clangd"	"stderr"	"I[19:16:11.804] --> $/progress\n"
[ERROR][2022-04-12 19:16:12] .../vim/lsp/rpc.lua:420	"rpc"	"clangd"	"stderr"	"I[19:16:12.324] <-- textDocument/documentHighlight(8)\n"
[ERROR][2022-04-12 19:16:12] .../vim/lsp/rpc.lua:420	"rpc"	"clangd"	"stderr"	"I[19:16:12.328] --> reply:textDocument/documentHighlight(8) 4 ms\n"
[ERROR][2022-04-12 19:16:13] .../vim/lsp/rpc.lua:420	"rpc"	"clangd"	"stderr"	"I[19:16:13.040] <-- textDocument/documentHighlight(9)\n"
[ERROR][2022-04-12 19:16:13] .../vim/lsp/rpc.lua:420	"rpc"	"clangd"	"stderr"	"I[19:16:13.044] --> reply:textDocument/documentHighlight(9) 4 ms\n"
[ERROR][2022-04-12 19:16:13] .../vim/lsp/rpc.lua:420	"rpc"	"clangd"	"stderr"	"I[19:16:13.154] Indexed /Users/jeremysigrist/Development/meneldor_chess_engine/senjo/senjo/Parameters.cpp (110 symbols, 15133 refs, 237 files)\n"
[ERROR][2022-04-12 19:16:13] .../vim/lsp/rpc.lua:420	"rpc"	"clangd"	"stderr"	"I[19:16:13.173] --> $/progress\n"
[ERROR][2022-04-12 19:16:13] .../vim/lsp/rpc.lua:420	"rpc"	"clangd"	"stderr"	"I[19:16:13.173] --> $/progress\n"
[ERROR][2022-04-12 19:16:13] .../vim/lsp/rpc.lua:420	"rpc"	"clangd"	"stderr"	"I[19:16:13.496] Indexed /Users/jeremysigrist/Development/meneldor_chess_engine/tests/engine_tests.cpp (1080 symbols, 23629 refs, 274 files)\n"
[ERROR][2022-04-12 19:16:13] .../vim/lsp/rpc.lua:420	"rpc"	"clangd"	"stderr"	"I[19:16:13.539] --> $/progress\n"
[ERROR][2022-04-12 19:16:13] .../vim/lsp/rpc.lua:420	"rpc"	"clangd"	"stderr"	"I[19:16:13.539] --> $/progress\n"
[ERROR][2022-04-12 19:16:13] .../vim/lsp/rpc.lua:420	"rpc"	"clangd"	"stderr"	"I[19:16:13.834] <-- textDocument/documentHighlight(10)\n"
[ERROR][2022-04-12 19:16:13] .../vim/lsp/rpc.lua:420	"rpc"	"clangd"	"stderr"	"I[19:16:13.839] --> reply:textDocument/documentHighlight(10) 4 ms\n"
[ERROR][2022-04-12 19:16:14] .../vim/lsp/rpc.lua:420	"rpc"	"clangd"	"stderr"	"I[19:16:14.855] Indexed /Users/jeremysigrist/Development/meneldor_chess_engine/senjo/senjo/ChessEngine.cpp (112 symbols, 15094 refs, 240 files)\n"
[ERROR][2022-04-12 19:16:14] .../vim/lsp/rpc.lua:420	"rpc"	"clangd"	"stderr"	"I[19:16:14.869] --> $/progress\n"
[ERROR][2022-04-12 19:16:14] .../vim/lsp/rpc.lua:420	"rpc"	"clangd"	"stderr"	"I[19:16:14.869] --> $/progress\n"
[ERROR][2022-04-12 19:16:15] .../vim/lsp/rpc.lua:420	"rpc"	"clangd"	"stderr"	"I[19:16:15.150] <-- textDocument/definition(11)\n"
[ERROR][2022-04-12 19:16:15] .../vim/lsp/rpc.lua:420	"rpc"	"clangd"	"stderr"	"I[19:16:15.152] --> reply:textDocument/definition(11) 2 ms\n"
[ERROR][2022-04-12 19:16:15] .../vim/lsp/rpc.lua:420	"rpc"	"clangd"	"stderr"	"I[19:16:15.154] <-- textDocument/didClose\nI[19:16:15.154] --> textDocument/publishDiagnostics\n"
[ERROR][2022-04-12 19:16:15] .../vim/lsp/rpc.lua:420	"rpc"	"clangd"	"stderr"	"I[19:16:15.180] <-- textDocument/didOpen\nI[19:16:15.180] ASTWorker building file /Users/jeremysigrist/Development/meneldor_chess_engine/include/chess_types.h version 0 with command inferred from /Users/jeremysigrist/Development/meneldor_chess_engine/src/meneldor_engine.cpp\n[/Users/jeremysigrist/Development/meneldor_chess_engine/_build/src]\n/usr/bin/clang++ --driver-mode=g++ -I/Users/jeremysigrist/Development/meneldor_chess_engine/src/../include -I/Users/jeremysigrist/Development/meneldor_chess_engine/src/../senjo -isysroot /Applications/Xcode.app/Contents/Developer/Platforms/MacOSX.platform/Developer/SDKs/MacOSX12.1.sdk -Wall -Wextra -pedantic -Wno-missing-braces -Winvalid-pch -Xclang -include-pch -Xclang /Users/jeremysigrist/Development/meneldor_chess_engine/_build/src/CMakeFiles/chess_engine_lib.dir/cmake_pch.hxx.pch -Xclang -include -Xclang /Users/jeremysigrist/Development/meneldor_chess_engine/_build/src/CMakeFiles/chess_engine_lib.dir/cmake_pch.hxx -c -resource-dir=/Users/jeremysigrist/.local/share/nvim/lsp_servers/clangd/clangd/lib/clang/13.0.0 -x c++-header -std=c++20 /Users/jeremysigrist/Development/meneldor_chess_engine/include/chess_types.h\n"
[ERROR][2022-04-12 19:16:15] .../vim/lsp/rpc.lua:420	"rpc"	"clangd"	"stderr"	"I[19:16:15.492] <-- textDocument/documentHighlight(12)\n"
[ERROR][2022-04-12 19:16:16] .../vim/lsp/rpc.lua:420	"rpc"	"clangd"	"stderr"	"I[19:16:16.621] Indexed /Users/jeremysigrist/Development/meneldor_chess_engine/app/chess_game.cpp (105 symbols, 19978 refs, 275 files)\n"
[ERROR][2022-04-12 19:16:16] .../vim/lsp/rpc.lua:420	"rpc"	"clangd"	"stderr"	"I[19:16:16.721] --> $/progress\n"
[ERROR][2022-04-12 19:16:16] .../vim/lsp/rpc.lua:420	"rpc"	"clangd"	"stderr"	"I[19:16:16.722] --> $/progress\n"
[ERROR][2022-04-12 19:16:16] .../vim/lsp/rpc.lua:420	"rpc"	"clangd"	"stderr"	"I[19:16:16.943] <-- textDocument/didClose\nI[19:16:16.944] --> textDocument/publishDiagnostics\n"
[ERROR][2022-04-12 19:16:16] .../vim/lsp/rpc.lua:420	"rpc"	"clangd"	"stderr"	"I[19:16:16.989] <-- textDocument/didOpen\n"
[ERROR][2022-04-12 19:16:16] .../vim/lsp/rpc.lua:420	"rpc"	"clangd"	"stderr"	"I[19:16:16.990] ASTWorker building file /Users/jeremysigrist/Development/meneldor_chess_engine/src/meneldor_engine.cpp version 0 with command \n[/Users/jeremysigrist/Development/meneldor_chess_engine/_build/src]\n/usr/bin/clang++ --driver-mode=g++ -I/Users/jeremysigrist/Development/meneldor_chess_engine/src/../include -I/Users/jeremysigrist/Development/meneldor_chess_engine/src/../senjo -isysroot /Applications/Xcode.app/Contents/Developer/Platforms/MacOSX.platform/Developer/SDKs/MacOSX12.1.sdk -Wall -Wextra -pedantic -Wno-missing-braces -std=c++2a -Winvalid-pch -Xclang -include-pch -Xclang /Users/jeremysigrist/Development/meneldor_chess_engine/_build/src/CMakeFiles/chess_engine_lib.dir/cmake_pch.hxx.pch -Xclang -include -Xclang /Users/jeremysigrist/Development/meneldor_chess_engine/_build/src/CMakeFiles/chess_engine_lib.dir/cmake_pch.hxx -o CMakeFiles/chess_engine_lib.dir/meneldor_engine.cpp.o -c -resource-dir=/Users/jeremysigrist/.local/share/nvim/lsp_servers/clangd/clangd/lib/clang/13.0.0 -- /Users/jeremysigrist/Development/meneldor_chess_engine/src/meneldor_engine.cpp\n"
[ERROR][2022-04-12 19:16:17] .../vim/lsp/rpc.lua:420	"rpc"	"clangd"	"stderr"	"I[19:16:17.301] <-- textDocument/documentHighlight(13)\n"
[ERROR][2022-04-12 19:16:18] .../vim/lsp/rpc.lua:420	"rpc"	"clangd"	"stderr"	"I[19:16:18.365] <-- textDocument/documentHighlight(14)\n"
[ERROR][2022-04-12 19:16:18] .../vim/lsp/rpc.lua:420	"rpc"	"clangd"	"stderr"	"I[19:16:18.926] Indexed /Users/jeremysigrist/Development/meneldor_chess_engine/src/chess_types.cpp (106 symbols, 19861 refs, 257 files)\n"
[ERROR][2022-04-12 19:16:19] .../vim/lsp/rpc.lua:420	"rpc"	"clangd"	"stderr"	"I[19:16:19.042] --> $/progress\n"
[ERROR][2022-04-12 19:16:19] .../vim/lsp/rpc.lua:420	"rpc"	"clangd"	"stderr"	"I[19:16:19.042] --> $/progress\n"
[ERROR][2022-04-12 19:16:19] .../vim/lsp/rpc.lua:420	"rpc"	"clangd"	"stderr"	"I[19:16:19.116] Indexed /Users/jeremysigrist/Development/meneldor_chess_engine/tests/general_tests.cpp (3147 symbols, 74850 refs, 289 files)\n"
[ERROR][2022-04-12 19:16:19] .../vim/lsp/rpc.lua:420	"rpc"	"clangd"	"stderr"	"I[19:16:19.455] --> $/progress\n"
[ERROR][2022-04-12 19:16:19] .../vim/lsp/rpc.lua:420	"rpc"	"clangd"	"stderr"	"I[19:16:19.455] --> $/progress\n"
[ERROR][2022-04-12 19:16:19] .../vim/lsp/rpc.lua:420	"rpc"	"clangd"	"stderr"	"I[19:16:19.521] <-- shutdown(15)\nI[19:16:19.521] --> reply:shutdown(15) 0 ms\n"
[ERROR][2022-04-12 19:16:19] .../vim/lsp/rpc.lua:420	"rpc"	"clangd"	"stderr"	"I[19:16:19.521] <-- exit\n"
[ERROR][2022-04-12 19:16:19] .../vim/lsp/rpc.lua:420	"rpc"	"clangd"	"stderr"	"I[19:16:19.522] LSP finished, exiting with status 0\n"

[START][2022-04-12 19:16:22] LSP logging initiated
[ERROR][2022-04-12 19:16:22] .../vim/lsp/rpc.lua:420	"rpc"	"clangd"	"stderr"	"I[19:16:22.158] clangd version 13.0.0 (https://github.com/llvm/llvm-project d7b669b3a30345cfcdb2fde2af6f48aa4b94845d)\nI[19:16:22.158] Features: mac+grpc+xpc\nI[19:16:22.158] PID: 55461\nI[19:16:22.158] Working directory: /Users/jeremysigrist/Development/meneldor_chess_engine\nI[19:16:22.158] argv[0]: clangd\nI[19:16:22.158] Starting LSP over stdin/stdout\nI[19:16:22.159] <-- initialize(1)\n"
[ERROR][2022-04-12 19:16:22] .../vim/lsp/rpc.lua:420	"rpc"	"clangd"	"stderr"	"I[19:16:22.183] --> reply:initialize(1) 24 ms\n"
[ERROR][2022-04-12 19:16:22] .../vim/lsp/rpc.lua:420	"rpc"	"clangd"	"stderr"	"I[19:16:22.434] <-- initialized\n"
[ERROR][2022-04-12 19:16:22] .../vim/lsp/rpc.lua:420	"rpc"	"clangd"	"stderr"	"I[19:16:22.434] <-- textDocument/didOpen\n"
[ERROR][2022-04-12 19:16:22] .../vim/lsp/rpc.lua:420	"rpc"	"clangd"	"stderr"	"I[19:16:22.436] Loaded compilation database from /Users/jeremysigrist/Development/meneldor_chess_engine/compile_commands.json\nI[19:16:22.437] ASTWorker building file /Users/jeremysigrist/Development/meneldor_chess_engine/include/chess_types.h version 0 with command inferred from /Users/jeremysigrist/Development/meneldor_chess_engine/src/chess_types.cpp\n[/Users/jeremysigrist/Development/meneldor_chess_engine/_build/src]\n/usr/bin/clang++ --driver-mode=g++ -I/Users/jeremysigrist/Development/meneldor_chess_engine/src/../include -I/Users/jeremysigrist/Development/meneldor_chess_engine/src/../senjo -isysroot /Applications/Xcode.app/Contents/Developer/Platforms/MacOSX.platform/Developer/SDKs/MacOSX12.1.sdk -Wall -Wextra -pedantic -Wno-missing-braces -Winvalid-pch -Xclang -include-pch -Xclang /Users/jeremysigrist/Development/meneldor_chess_engine/_build/src/CMakeFiles/chess_engine_lib.dir/cmake_pch.hxx.pch -Xclang -include -Xclang /Users/jeremysigrist/Development/meneldor_chess_engine/_build/src/CMakeFiles/chess_engine_lib.dir/cmake_pch.hxx -c -x c++-header -std=c++20 -resource-dir=/Users/jeremysigrist/.local/share/nvim/lsp_servers/clangd/clangd/lib/clang/13.0.0 -- /Users/jeremysigrist/Development/meneldor_chess_engine/include/chess_types.h\nI[19:16:22.438] Loaded compilation database from /Users/jeremysigrist/Development/meneldor_chess_engine/_build/compile_commands.json\nI[19:16:22.439] --> window/workDoneProgress/create(0)\nI[19:16:22.439] Enqueueing 31 commands for indexing\n"
[ERROR][2022-04-12 19:16:22] .../vim/lsp/rpc.lua:420	"rpc"	"clangd"	"stderr"	"I[19:16:22.470] <-- reply(0)\nI[19:16:22.471] --> $/progress\nI[19:16:22.471] --> $/progress\n"
[ERROR][2022-04-12 19:16:23] .../vim/lsp/rpc.lua:420	"rpc"	"clangd"	"stderr"	"I[19:16:23.090] --> $/progress\n"
[ERROR][2022-04-12 19:16:23] .../vim/lsp/rpc.lua:420	"rpc"	"clangd"	"stderr"	"I[19:16:23.091] --> $/progress\nI[19:16:23.091] --> $/progress\nI[19:16:23.091] --> $/progress\n"
[ERROR][2022-04-12 19:16:24] .../vim/lsp/rpc.lua:420	"rpc"	"clangd"	"stderr"	"I[19:16:24.159] <-- textDocument/documentHighlight(2)\n"
[ERROR][2022-04-12 19:16:24] .../vim/lsp/rpc.lua:420	"rpc"	"clangd"	"stderr"	"I[19:16:24.365] Indexed /Users/jeremysigrist/Development/meneldor_chess_engine/senjo/senjo/Thread.cpp (117 symbols, 15168 refs, 239 files)\n"
[ERROR][2022-04-12 19:16:24] .../vim/lsp/rpc.lua:420	"rpc"	"clangd"	"stderr"	"I[19:16:24.376] --> $/progress\n"
[ERROR][2022-04-12 19:16:24] .../vim/lsp/rpc.lua:420	"rpc"	"clangd"	"stderr"	"I[19:16:24.376] --> $/progress\n"
[ERROR][2022-04-12 19:16:24] .../vim/lsp/rpc.lua:420	"rpc"	"clangd"	"stderr"	"I[19:16:24.539] --> textDocument/publishDiagnostics\n"
[ERROR][2022-04-12 19:16:24] .../vim/lsp/rpc.lua:420	"rpc"	"clangd"	"stderr"	"I[19:16:24.539] --> reply:textDocument/documentHighlight(2) 380 ms\n"
[ERROR][2022-04-12 19:16:25] .../vim/lsp/rpc.lua:420	"rpc"	"clangd"	"stderr"	"I[19:16:25.354] Indexed /Users/jeremysigrist/Development/meneldor_chess_engine/tests/perft_tests.cpp (1157 symbols, 39443 refs, 264 files)\n"
[ERROR][2022-04-12 19:16:25] .../vim/lsp/rpc.lua:420	"rpc"	"clangd"	"stderr"	"I[19:16:25.432] --> $/progress\n"
[ERROR][2022-04-12 19:16:25] .../vim/lsp/rpc.lua:420	"rpc"	"clangd"	"stderr"	"I[19:16:25.432] --> $/progress\n"
[ERROR][2022-04-12 19:16:25] .../vim/lsp/rpc.lua:420	"rpc"	"clangd"	"stderr"	"I[19:16:25.948] Indexed /Users/jeremysigrist/Development/meneldor_chess_engine/senjo/senjo/BackgroundCommand.cpp (159 symbols, 16924 refs, 254 files)\n"
[ERROR][2022-04-12 19:16:25] .../vim/lsp/rpc.lua:420	"rpc"	"clangd"	"stderr"	"I[19:16:25.969] --> $/progress\n"
[ERROR][2022-04-12 19:16:25] .../vim/lsp/rpc.lua:420	"rpc"	"clangd"	"stderr"	"I[19:16:25.969] --> $/progress\n"
[ERROR][2022-04-12 19:16:27] .../vim/lsp/rpc.lua:420	"rpc"	"clangd"	"stderr"	"I[19:16:27.473] Indexed /Users/jeremysigrist/Development/meneldor_chess_engine/src/move_generator.cpp (376 symbols, 24611 refs, 266 files)\n"
[ERROR][2022-04-12 19:16:27] .../vim/lsp/rpc.lua:420	"rpc"	"clangd"	"stderr"	"I[19:16:27.509] --> $/progress\n"
[ERROR][2022-04-12 19:16:27] .../vim/lsp/rpc.lua:420	"rpc"	"clangd"	"stderr"	"I[19:16:27.509] --> $/progress\n"
[ERROR][2022-04-12 19:16:27] .../vim/lsp/rpc.lua:420	"rpc"	"clangd"	"stderr"	"I[19:16:27.887] Indexed /Users/jeremysigrist/Development/meneldor_chess_engine/app/engine_main.cpp (125 symbols, 19967 refs, 276 files)\n"
[ERROR][2022-04-12 19:16:27] .../vim/lsp/rpc.lua:420	"rpc"	"clangd"	"stderr"	"I[19:16:27.911] --> $/progress\n"
[ERROR][2022-04-12 19:16:27] .../vim/lsp/rpc.lua:420	"rpc"	"clangd"	"stderr"	"I[19:16:27.911] --> $/progress\n"
[ERROR][2022-04-12 19:16:29] .../vim/lsp/rpc.lua:420	"rpc"	"clangd"	"stderr"	"I[19:16:29.381] <-- shutdown(3)\nI[19:16:29.381] --> reply:shutdown(3) 0 ms\n"
[ERROR][2022-04-12 19:16:29] .../vim/lsp/rpc.lua:420	"rpc"	"clangd"	"stderr"	"I[19:16:29.381] <-- exit\n"
[ERROR][2022-04-12 19:16:29] .../vim/lsp/rpc.lua:420	"rpc"	"clangd"	"stderr"	"I[19:16:29.381] LSP finished, exiting with status 0\n"
[ERROR][2022-04-12 19:16:29] .../vim/lsp/rpc.lua:420	"rpc"	"clangd"	"stderr"	"I[19:16:29.401] Indexed /Users/jeremysigrist/Development/meneldor_chess_engine/src/feature_toggle.cpp (104 symbols, 19851 refs, 257 files)\n"
[ERROR][2022-04-12 19:16:29] .../vim/lsp/rpc.lua:420	"rpc"	"clangd"	"stderr"	"I[19:16:29.421] --> $/progress\n"
[START][2022-04-12 19:16:36] LSP logging initiated

